Release 14.5 - xst P.58f (nt64)
Copyright (c) 1995-2012 Xilinx, Inc.  All rights reserved.
--> Parameter TMPDIR set to xst/projnav.tmp


Total REAL time to Xst completion: 1.00 secs
Total CPU time to Xst completion: 1.44 secs
 
--> Parameter xsthdpdir set to xst


Total REAL time to Xst completion: 1.00 secs
Total CPU time to Xst completion: 1.44 secs
 
--> Reading design: baseline_c5gx.prj

TABLE OF CONTENTS
  1) Synthesis Options Summary
  2) HDL Compilation
  3) Design Hierarchy Analysis
  4) HDL Analysis
  5) HDL Synthesis
     5.1) HDL Synthesis Report
  6) Advanced HDL Synthesis
     6.1) Advanced HDL Synthesis Report
  7) Low Level Synthesis
  8) Partition Report
  9) Final Report
	9.1) Device utilization summary
	9.2) Partition Resource Summary
	9.3) TIMING REPORT


=========================================================================
*                      Synthesis Options Summary                        *
=========================================================================
---- Source Parameters
Input File Name                    : "baseline_c5gx.prj"
Input Format                       : mixed
Ignore Synthesis Constraint File   : NO

---- Target Parameters
Output File Name                   : "baseline_c5gx"
Output Format                      : NGC
Target Device                      : xc3s100e-4-cp132

---- Source Options
Top Module Name                    : baseline_c5gx
Automatic FSM Extraction           : YES
FSM Encoding Algorithm             : Auto
Safe Implementation                : No
FSM Style                          : LUT
RAM Extraction                     : Yes
RAM Style                          : Auto
ROM Extraction                     : Yes
Mux Style                          : Auto
Decoder Extraction                 : YES
Priority Encoder Extraction        : Yes
Shift Register Extraction          : YES
Logical Shifter Extraction         : YES
XOR Collapsing                     : YES
ROM Style                          : Auto
Mux Extraction                     : Yes
Resource Sharing                   : YES
Asynchronous To Synchronous        : NO
Multiplier Style                   : Auto
Automatic Register Balancing       : No

---- Target Options
Add IO Buffers                     : YES
Global Maximum Fanout              : 500
Add Generic Clock Buffer(BUFG)     : 24
Register Duplication               : YES
Slice Packing                      : YES
Optimize Instantiated Primitives   : NO
Use Clock Enable                   : Yes
Use Synchronous Set                : Yes
Use Synchronous Reset              : Yes
Pack IO Registers into IOBs        : Auto
Equivalent register Removal        : YES

---- General Options
Optimization Goal                  : Speed
Optimization Effort                : 1
Keep Hierarchy                     : No
Netlist Hierarchy                  : As_Optimized
RTL Output                         : Yes
Global Optimization                : AllClockNets
Read Cores                         : YES
Write Timing Constraints           : NO
Cross Clock Analysis               : NO
Hierarchy Separator                : /
Bus Delimiter                      : <>
Case Specifier                     : Maintain
Slice Utilization Ratio            : 100
BRAM Utilization Ratio             : 100
Verilog 2001                       : YES
Auto BRAM Packing                  : NO
Slice Utilization Ratio Delta      : 5

=========================================================================


=========================================================================
*                          HDL Compilation                              *
=========================================================================
Compiling verilog file "baseline_c5gx.v" in library work
Module <baseline_c5gx> compiled
No errors in compilation
Analysis of file <"baseline_c5gx.prj"> succeeded.
 

=========================================================================
*                     Design Hierarchy Analysis                         *
=========================================================================
Analyzing hierarchy for module <baseline_c5gx> in library <work>.


=========================================================================
*                            HDL Analysis                               *
=========================================================================
Analyzing top module <baseline_c5gx>.
Module <baseline_c5gx> is correct for synthesis.
 

=========================================================================
*                           HDL Synthesis                               *
=========================================================================

Performing bidirectional port resolution...

Synthesizing Unit <baseline_c5gx>.
    Related source file is "baseline_c5gx.v".
    Found 3-bit up counter for signal <bit_count>.
    Found 1-bit register for signal <LED<0>>.
    Found 1-bit register for signal <signal>.
    Summary:
	inferred   1 Counter(s).
	inferred   2 D-type flip-flop(s).
	inferred   1 Multiplexer(s).
Unit <baseline_c5gx> synthesized.


=========================================================================
HDL Synthesis Report

Macro Statistics
# Counters                                             : 1
 3-bit up counter                                      : 1
# Registers                                            : 2
 1-bit register                                        : 2
# Multiplexers                                         : 1
 1-bit 8-to-1 multiplexer                              : 1

=========================================================================

=========================================================================
*                       Advanced HDL Synthesis                          *
=========================================================================


=========================================================================
Advanced HDL Synthesis Report

Macro Statistics
# Counters                                             : 1
 3-bit up counter                                      : 1
# Registers                                            : 2
 Flip-Flops                                            : 2
# Multiplexers                                         : 1
 1-bit 8-to-1 multiplexer                              : 1

=========================================================================

=========================================================================
*                         Low Level Synthesis                           *
=========================================================================

Optimizing unit <baseline_c5gx> ...

Mapping all equations...
Building and optimizing final netlist ...
Found area constraint ratio of 100 (+ 5) on block baseline_c5gx, actual ratio is 0.

Final Macro Processing ...

=========================================================================
Final Register Report

Macro Statistics
# Registers                                            : 5
 Flip-Flops                                            : 5

=========================================================================

=========================================================================
*                           Partition Report                            *
=========================================================================

Partition Implementation Status
-------------------------------

  No Partitions were found in this design.

-------------------------------

=========================================================================
*                            Final Report                               *
=========================================================================
Final Results
RTL Top Level Output File Name     : baseline_c5gx.ngr
Top Level Output File Name         : baseline_c5gx
Output Format                      : NGC
Optimization Goal                  : Speed
Keep Hierarchy                     : No

Design Statistics
# IOs                              : 15

Cell Usage :
# BELS                             : 14
#      INV                         : 2
#      LUT2                        : 3
#      LUT3                        : 5
#      MUXF5                       : 2
#      MUXF6                       : 1
#      VCC                         : 1
# FlipFlops/Latches                : 5
#      FDRE                        : 5
# Clock Buffers                    : 1
#      BUFGP                       : 1
# IO Buffers                       : 14
#      IBUF                        : 10
#      OBUF                        : 4
=========================================================================

Device utilization summary:
---------------------------

Selected Device : 3s100ecp132-4 

 Number of Slices:                        4  out of    960     0%  
 Number of Slice Flip Flops:              5  out of   1920     0%  
 Number of 4 input LUTs:                 10  out of   1920     0%  
 Number of IOs:                          15
 Number of bonded IOBs:                  15  out of     83    18%  
 Number of GCLKs:                         1  out of     24     4%  

---------------------------
Partition Resource Summary:
---------------------------

  No Partitions were found in this design.

---------------------------


=========================================================================
TIMING REPORT

NOTE: THESE TIMING NUMBERS ARE ONLY A SYNTHESIS ESTIMATE.
      FOR ACCURATE TIMING INFORMATION PLEASE REFER TO THE TRACE REPORT
      GENERATED AFTER PLACE-and-ROUTE.

Clock Information:
------------------
-----------------------------------+------------------------+-------+
Clock Signal                       | Clock buffer(FF name)  | Load  |
-----------------------------------+------------------------+-------+
CLOCK_125_p                        | BUFGP                  | 5     |
-----------------------------------+------------------------+-------+

Asynchronous Control Signals Information:
----------------------------------------
No asynchronous control signals found in this design

Timing Summary:
---------------
Speed Grade: -4

   Minimum period: 3.237ns (Maximum Frequency: 308.928MHz)
   Minimum input arrival time before clock: 3.867ns
   Maximum output required time after clock: 4.620ns
   Maximum combinational path delay: No path found

Timing Detail:
--------------
All values displayed in nanoseconds (ns)

=========================================================================
Timing constraint: Default period analysis for Clock 'CLOCK_125_p'
  Clock period: 3.237ns (frequency: 308.928MHz)
  Total number of paths / destination ports: 18 / 9
-------------------------------------------------------------------------
Delay:               3.237ns (Levels of Logic = 3)
  Source:            bit_count_0 (FF)
  Destination:       LED_0 (FF)
  Source Clock:      CLOCK_125_p rising
  Destination Clock: CLOCK_125_p rising

  Data Path: bit_count_0 to LED_0
                                Gate     Net
    Cell:in->out      fanout   Delay   Delay  Logical Name (Net Name)
    ----------------------------------------  ------------
     FDRE:C->Q             8   0.591   0.792  bit_count_0 (bit_count_0)
     LUT3:I2->O            1   0.704   0.000  Mmux__COND_1_6 (Mmux__COND_1_6)
     MUXF5:I0->O           1   0.321   0.000  Mmux__COND_1_4_f5 (Mmux__COND_1_4_f5)
     MUXF6:I0->O           1   0.521   0.000  Mmux__COND_1_2_f6 (_COND_1)
     FDRE:D                    0.308          LED_0
    ----------------------------------------
    Total                      3.237ns (2.445ns logic, 0.792ns route)
                                       (75.5% logic, 24.5% route)

=========================================================================
Timing constraint: Default OFFSET IN BEFORE for Clock 'CLOCK_125_p'
  Total number of paths / destination ports: 18 / 11
-------------------------------------------------------------------------
Offset:              3.867ns (Levels of Logic = 2)
  Source:            KEY<0> (PAD)
  Destination:       LED_0 (FF)
  Destination Clock: CLOCK_125_p rising

  Data Path: KEY<0> to LED_0
                                Gate     Net
    Cell:in->out      fanout   Delay   Delay  Logical Name (Net Name)
    ----------------------------------------  ------------
     IBUF:I->O             2   1.218   0.447  KEY_0_IBUF (KEY_0_IBUF)
     INV:I->O              4   0.704   0.587  rst1_INV_0 (rst)
     FDRE:R                    0.911          LED_0
    ----------------------------------------
    Total                      3.867ns (2.833ns logic, 1.034ns route)
                                       (73.3% logic, 26.7% route)

=========================================================================
Timing constraint: Default OFFSET OUT AFTER for Clock 'CLOCK_125_p'
  Total number of paths / destination ports: 4 / 4
-------------------------------------------------------------------------
Offset:              4.620ns (Levels of Logic = 1)
  Source:            bit_count_0 (FF)
  Destination:       HEX0<0> (PAD)
  Source Clock:      CLOCK_125_p rising

  Data Path: bit_count_0 to HEX0<0>
                                Gate     Net
    Cell:in->out      fanout   Delay   Delay  Logical Name (Net Name)
    ----------------------------------------  ------------
     FDRE:C->Q             8   0.591   0.757  bit_count_0 (bit_count_0)
     OBUF:I->O                 3.272          HEX0_0_OBUF (HEX0<0>)
    ----------------------------------------
    Total                      4.620ns (3.863ns logic, 0.757ns route)
                                       (83.6% logic, 16.4% route)

=========================================================================


Total REAL time to Xst completion: 8.00 secs
Total CPU time to Xst completion: 8.38 secs
 
--> 

Total memory usage is 4503192 kilobytes

Number of errors   :    0 (   0 filtered)
Number of warnings :    0 (   0 filtered)
Number of infos    :    0 (   0 filtered)

